<?xml version="1.0" encoding="UTF-8"?>
<!-- Generated by org.testng.reporters.JUnitXMLReporter -->
<testsuite ignored="0" hostname="DESKTOP-42N6K0D" failures="0" tests="4" name="Default test" time="20.26" errors="0" timestamp="2025-03-09T15:30:42 IST">
  <testcase classname="test.TestClass" name="browserOpen" time="0.718"/>
  <testcase classname="test.TestClass" name="invalidLoginCredential" time="13.828"/>
  <testcase classname="test.TestClass" name="validLoginCredential" time="4.879"/>
  <testcase classname="test.TestClass" name="closeReport" time="0.722"/>
</testsuite> <!-- Default test -->
