<?xml version="1.0" encoding="UTF-8"?>
<!-- Generated by org.testng.reporters.JUnitXMLReporter -->
<testsuite ignored="0" hostname="DESKTOP-42N6K0D" failures="0" tests="4" name="Default test" time="16.975" errors="0" timestamp="2025-03-09T16:20:22 IST">
  <testcase classname="test.TestClass" name="browserOpen" time="0.457"/>
  <testcase classname="test.TestClass" name="invalidLoginCredential" time="11.983"/>
  <testcase classname="test.TestClass" name="validLoginCredential" time="3.806"/>
  <testcase classname="test.TestClass" name="closeReport" time="0.541"/>
</testsuite> <!-- Default test -->
