<?xml version="1.0" encoding="UTF-8"?>
<!-- Generated by org.testng.reporters.JUnitXMLReporter -->
<testsuite ignored="0" hostname="DESKTOP-42N6K0D" failures="0" tests="4" name="Test" time="10.226" errors="0" timestamp="2025-03-10T11:13:28 IST">
  <testcase classname="test.TestClass" name="browserOpen" time="0.504"/>
  <testcase classname="test.TestClass" name="invalidLoginCredential" time="6.771"/>
  <testcase classname="test.TestClass" name="validLoginCredential" time="2.497"/>
  <testcase classname="test.TestClass" name="closeReport" time="0.35"/>
</testsuite> <!-- Test -->
