<?xml version="1.0" encoding="UTF-8"?>
<!-- Generated by org.testng.reporters.JUnitXMLReporter -->
<testsuite ignored="0" hostname="DESKTOP-42N6K0D" failures="0" tests="4" name="Test" time="11.355" errors="0" timestamp="2025-03-10T17:11:33 IST">
  <testcase classname="test.TestClass" name="browserOpen" time="0.436"/>
  <testcase classname="test.TestClass" name="invalidLoginCredential" time="7.771"/>
  <testcase classname="test.TestClass" name="validLoginCredential" time="2.566"/>
  <testcase classname="test.TestClass" name="closeReport" time="0.486"/>
</testsuite> <!-- Test -->
